<?xml version="1.0" encoding="UTF-8"?>
<testsuite name="org.example.springboot.web.HelloControllerTest" tests="2" skipped="0" failures="0" errors="0" timestamp="2022-08-09T11:01:51" hostname="MacBook Pro 1004804" time="0.17">
  <properties/>
  <testcase name="hello_dto_return()" classname="org.example.springboot.web.HelloControllerTest" time="0.134"/>
  <testcase name="hello_return()" classname="org.example.springboot.web.HelloControllerTest" time="0.027"/>
  <system-out><![CDATA[2022-08-09 20:01:50.266  INFO 34179 --- [    Test worker] .b.t.a.w.s.WebMvcTestContextBootstrapper : Neither @ContextConfiguration nor @ContextHierarchy found for test class [org.example.springboot.web.HelloControllerTest], using SpringBootContextLoader
2022-08-09 20:01:50.270  INFO 34179 --- [    Test worker] o.s.t.c.support.AbstractContextLoader    : Could not detect default resource locations for test class [org.example.springboot.web.HelloControllerTest]: no resource found for suffixes {-context.xml, Context.groovy}.
2022-08-09 20:01:50.271  INFO 34179 --- [    Test worker] t.c.s.AnnotationConfigContextLoaderUtils : Could not detect default configuration classes for test class [org.example.springboot.web.HelloControllerTest]: HelloControllerTest does not declare any static, non-private, non-final, nested classes annotated with @Configuration.
2022-08-09 20:01:50.324  INFO 34179 --- [    Test worker] .b.t.c.SpringBootTestContextBootstrapper : Found @SpringBootConfiguration org.example.springboot.Application for test class org.example.springboot.web.HelloControllerTest
2022-08-09 20:01:50.333  INFO 34179 --- [    Test worker] .b.t.a.w.s.WebMvcTestContextBootstrapper : Loaded default TestExecutionListener class names from location [META-INF/spring.factories]: [org.springframework.security.test.context.support.WithSecurityContextTestExecutionListener, org.springframework.security.test.context.support.ReactorContextTestExecutionListener, org.springframework.boot.test.autoconfigure.restdocs.RestDocsTestExecutionListener, org.springframework.boot.test.autoconfigure.web.client.MockRestServiceServerResetTestExecutionListener, org.springframework.boot.test.autoconfigure.web.servlet.MockMvcPrintOnlyOnFailureTestExecutionListener, org.springframework.boot.test.autoconfigure.web.servlet.WebDriverTestExecutionListener, org.springframework.boot.test.autoconfigure.webservices.client.MockWebServiceServerTestExecutionListener, org.springframework.boot.test.mock.mockito.MockitoTestExecutionListener, org.springframework.boot.test.mock.mockito.ResetMocksTestExecutionListener, org.springframework.test.context.web.ServletTestExecutionListener, org.springframework.test.context.support.DirtiesContextBeforeModesTestExecutionListener, org.springframework.test.context.support.DependencyInjectionTestExecutionListener, org.springframework.test.context.support.DirtiesContextTestExecutionListener, org.springframework.test.context.transaction.TransactionalTestExecutionListener, org.springframework.test.context.jdbc.SqlScriptsTestExecutionListener, org.springframework.test.context.event.EventPublishingTestExecutionListener]
2022-08-09 20:01:50.334  INFO 34179 --- [    Test worker] .b.t.a.w.s.WebMvcTestContextBootstrapper : Using TestExecutionListeners: [org.springframework.test.context.web.ServletTestExecutionListener@2fc97cb8, org.springframework.test.context.support.DirtiesContextBeforeModesTestExecutionListener@7235cc70, org.springframework.boot.test.mock.mockito.MockitoTestExecutionListener@5a364998, org.springframework.boot.test.autoconfigure.SpringBootDependencyInjectionTestExecutionListener@6bf64429, org.springframework.test.context.support.DirtiesContextTestExecutionListener@f3ed953, org.springframework.test.context.transaction.TransactionalTestExecutionListener@53b4d288, org.springframework.test.context.jdbc.SqlScriptsTestExecutionListener@3ba62bef, org.springframework.security.test.context.support.WithSecurityContextTestExecutionListener@62a8f7be, org.springframework.test.context.event.EventPublishingTestExecutionListener@1b255ef9, org.springframework.security.test.context.support.ReactorContextTestExecutionListener@6ef0ff87, org.springframework.boot.test.autoconfigure.restdocs.RestDocsTestExecutionListener@640358e5, org.springframework.boot.test.autoconfigure.web.client.MockRestServiceServerResetTestExecutionListener@41b346dc, org.springframework.boot.test.autoconfigure.web.servlet.MockMvcPrintOnlyOnFailureTestExecutionListener@70d01a85, org.springframework.boot.test.autoconfigure.web.servlet.WebDriverTestExecutionListener@1935dfdf, org.springframework.boot.test.autoconfigure.webservices.client.MockWebServiceServerTestExecutionListener@678f786c, org.springframework.boot.test.mock.mockito.ResetMocksTestExecutionListener@3c5147e7]

  .   ____          _            __ _ _
 /\\ / ___'_ __ _ _(_)_ __  __ _ \ \ \ \
( ( )\___ | '_ | '_| | '_ \/ _` | \ \ \ \
 \\/  ___)| |_)| | | | | || (_| |  ) ) ) )
  '  |____| .__|_| |_|_| |_\__, | / / / /
 =========|_|==============|___/=/_/_/_/
 :: Spring Boot ::                (v2.4.1)

2022-08-09 20:01:50.445  INFO 34179 --- [    Test worker] o.e.springboot.web.HelloControllerTest   : Starting HelloControllerTest using Java 1.8.0_332 on MacBook Pro 1004804 with PID 34179 (started by 1004804 in /Users/1004804/IdeaProjects/SBAWS/sbaws)
2022-08-09 20:01:50.452  INFO 34179 --- [    Test worker] o.e.springboot.web.HelloControllerTest   : No active profile set, falling back to default profiles: default
2022-08-09 20:01:51.068  INFO 34179 --- [    Test worker] o.s.s.concurrent.ThreadPoolTaskExecutor  : Initializing ExecutorService 'applicationTaskExecutor'
2022-08-09 20:01:51.109  INFO 34179 --- [    Test worker] o.s.b.a.w.s.WelcomePageHandlerMapping    : Adding welcome page template: index
2022-08-09 20:01:51.390  INFO 34179 --- [    Test worker] o.s.s.web.DefaultSecurityFilterChain     : Will secure any request with [org.springframework.security.web.context.request.async.WebAsyncManagerIntegrationFilter@7edf657b, org.springframework.security.web.context.SecurityContextPersistenceFilter@62d82b12, org.springframework.security.web.header.HeaderWriterFilter@531ae1e, org.springframework.security.web.csrf.CsrfFilter@1806a637, org.springframework.security.web.authentication.logout.LogoutFilter@1b591aa5, org.springframework.security.oauth2.client.web.OAuth2AuthorizationRequestRedirectFilter@675c55fa, org.springframework.security.oauth2.client.web.OAuth2AuthorizationRequestRedirectFilter@49eb0f73, org.springframework.security.oauth2.client.web.OAuth2LoginAuthenticationFilter@3fa7e7d6, org.springframework.security.web.authentication.ui.DefaultLoginPageGeneratingFilter@5a4e5f1a, org.springframework.security.web.authentication.ui.DefaultLogoutPageGeneratingFilter@44369c96, org.springframework.security.web.savedrequest.RequestCacheAwareFilter@4450a0d4, org.springframework.security.web.servletapi.SecurityContextHolderAwareRequestFilter@4c99a71e, org.springframework.security.web.authentication.AnonymousAuthenticationFilter@301f8eb2, org.springframework.security.oauth2.client.web.OAuth2AuthorizationCodeGrantFilter@63a2fff5, org.springframework.security.web.session.SessionManagementFilter@28ab8791, org.springframework.security.web.access.ExceptionTranslationFilter@3e6319a4, org.springframework.security.web.access.intercept.FilterSecurityInterceptor@498cd0b3]
2022-08-09 20:01:51.463  INFO 34179 --- [    Test worker] o.s.b.t.m.w.SpringBootMockServletContext : Initializing Spring TestDispatcherServlet ''
2022-08-09 20:01:51.463  INFO 34179 --- [    Test worker] o.s.t.web.servlet.TestDispatcherServlet  : Initializing Servlet ''
2022-08-09 20:01:51.465  INFO 34179 --- [    Test worker] o.s.t.web.servlet.TestDispatcherServlet  : Completed initialization in 1 ms
2022-08-09 20:01:51.485  INFO 34179 --- [    Test worker] o.e.springboot.web.HelloControllerTest   : Started HelloControllerTest in 1.134 seconds (JVM running for 12.049)
2022-08-09 20:01:51.519  INFO 34179 --- [    Test worker] o.s.b.t.m.w.SpringBootMockServletContext : Initializing Spring TestDispatcherServlet ''
2022-08-09 20:01:51.520  INFO 34179 --- [    Test worker] o.s.t.web.servlet.TestDispatcherServlet  : Initializing Servlet ''
2022-08-09 20:01:51.520  INFO 34179 --- [    Test worker] o.s.t.web.servlet.TestDispatcherServlet  : Completed initialization in 0 ms
2022-08-09 20:01:51.645  INFO 34179 --- [    Test worker] o.s.b.t.m.w.SpringBootMockServletContext : Initializing Spring TestDispatcherServlet ''
2022-08-09 20:01:51.648  INFO 34179 --- [    Test worker] o.s.t.web.servlet.TestDispatcherServlet  : Initializing Servlet ''
2022-08-09 20:01:51.650  INFO 34179 --- [    Test worker] o.s.t.web.servlet.TestDispatcherServlet  : Completed initialization in 1 ms
]]></system-out>
  <system-err><![CDATA[]]></system-err>
</testsuite>
