<?xml version="1.0" encoding="UTF-8"?>
<testsuite name="org.example.springboot.domain.posts.PostsRepositoryTest" tests="1" skipped="0" failures="0" errors="0" timestamp="2022-08-09T11:01:53" hostname="MacBook Pro 1004804" time="0.063">
  <properties/>
  <testcase name="boardSave()" classname="org.example.springboot.domain.posts.PostsRepositoryTest" time="0.063"/>
  <system-out><![CDATA[2022-08-09 20:01:52.004  INFO 34179 --- [    Test worker] .b.t.c.SpringBootTestContextBootstrapper : Neither @ContextConfiguration nor @ContextHierarchy found for test class [org.example.springboot.domain.posts.PostsRepositoryTest], using SpringBootContextLoader
2022-08-09 20:01:52.006  INFO 34179 --- [    Test worker] o.s.t.c.support.AbstractContextLoader    : Could not detect default resource locations for test class [org.example.springboot.domain.posts.PostsRepositoryTest]: no resource found for suffixes {-context.xml, Context.groovy}.
2022-08-09 20:01:52.007  INFO 34179 --- [    Test worker] t.c.s.AnnotationConfigContextLoaderUtils : Could not detect default configuration classes for test class [org.example.springboot.domain.posts.PostsRepositoryTest]: PostsRepositoryTest does not declare any static, non-private, non-final, nested classes annotated with @Configuration.
2022-08-09 20:01:52.023  INFO 34179 --- [    Test worker] .b.t.c.SpringBootTestContextBootstrapper : Found @SpringBootConfiguration org.example.springboot.Application for test class org.example.springboot.domain.posts.PostsRepositoryTest
2022-08-09 20:01:52.027  INFO 34179 --- [    Test worker] .b.t.c.SpringBootTestContextBootstrapper : Loaded default TestExecutionListener class names from location [META-INF/spring.factories]: [org.springframework.security.test.context.support.WithSecurityContextTestExecutionListener, org.springframework.security.test.context.support.ReactorContextTestExecutionListener, org.springframework.boot.test.autoconfigure.restdocs.RestDocsTestExecutionListener, org.springframework.boot.test.autoconfigure.web.client.MockRestServiceServerResetTestExecutionListener, org.springframework.boot.test.autoconfigure.web.servlet.MockMvcPrintOnlyOnFailureTestExecutionListener, org.springframework.boot.test.autoconfigure.web.servlet.WebDriverTestExecutionListener, org.springframework.boot.test.autoconfigure.webservices.client.MockWebServiceServerTestExecutionListener, org.springframework.boot.test.mock.mockito.MockitoTestExecutionListener, org.springframework.boot.test.mock.mockito.ResetMocksTestExecutionListener, org.springframework.test.context.web.ServletTestExecutionListener, org.springframework.test.context.support.DirtiesContextBeforeModesTestExecutionListener, org.springframework.test.context.support.DependencyInjectionTestExecutionListener, org.springframework.test.context.support.DirtiesContextTestExecutionListener, org.springframework.test.context.transaction.TransactionalTestExecutionListener, org.springframework.test.context.jdbc.SqlScriptsTestExecutionListener, org.springframework.test.context.event.EventPublishingTestExecutionListener]
2022-08-09 20:01:52.027  INFO 34179 --- [    Test worker] .b.t.c.SpringBootTestContextBootstrapper : Using TestExecutionListeners: [org.springframework.test.context.web.ServletTestExecutionListener@15ab8917, org.springframework.test.context.support.DirtiesContextBeforeModesTestExecutionListener@2023dd1c, org.springframework.boot.test.mock.mockito.MockitoTestExecutionListener@7f5d0c18, org.springframework.boot.test.autoconfigure.SpringBootDependencyInjectionTestExecutionListener@1bf8e9b9, org.springframework.test.context.support.DirtiesContextTestExecutionListener@525228e0, org.springframework.test.context.transaction.TransactionalTestExecutionListener@6ca7c48b, org.springframework.test.context.jdbc.SqlScriptsTestExecutionListener@7b0d28cb, org.springframework.security.test.context.support.WithSecurityContextTestExecutionListener@27e4b332, org.springframework.test.context.event.EventPublishingTestExecutionListener@64b28a06, org.springframework.security.test.context.support.ReactorContextTestExecutionListener@36e39987, org.springframework.boot.test.autoconfigure.restdocs.RestDocsTestExecutionListener@24bab4e0, org.springframework.boot.test.autoconfigure.web.client.MockRestServiceServerResetTestExecutionListener@26c5fe66, org.springframework.boot.test.autoconfigure.web.servlet.MockMvcPrintOnlyOnFailureTestExecutionListener@56d7b202, org.springframework.boot.test.autoconfigure.web.servlet.WebDriverTestExecutionListener@7c5236fe, org.springframework.boot.test.autoconfigure.webservices.client.MockWebServiceServerTestExecutionListener@d3e8020, org.springframework.boot.test.mock.mockito.ResetMocksTestExecutionListener@481692f]

  .   ____          _            __ _ _
 /\\ / ___'_ __ _ _(_)_ __  __ _ \ \ \ \
( ( )\___ | '_ | '_| | '_ \/ _` | \ \ \ \
 \\/  ___)| |_)| | | | | || (_| |  ) ) ) )
  '  |____| .__|_| |_|_| |_\__, | / / / /
 =========|_|==============|___/=/_/_/_/
 :: Spring Boot ::                (v2.4.1)

2022-08-09 20:01:52.065  INFO 34179 --- [    Test worker] o.e.s.domain.posts.PostsRepositoryTest   : Starting PostsRepositoryTest using Java 1.8.0_332 on MacBook Pro 1004804 with PID 34179 (started by 1004804 in /Users/1004804/IdeaProjects/SBAWS/sbaws)
2022-08-09 20:01:52.066  INFO 34179 --- [    Test worker] o.e.s.domain.posts.PostsRepositoryTest   : No active profile set, falling back to default profiles: default
2022-08-09 20:01:52.324  INFO 34179 --- [    Test worker] .s.d.r.c.RepositoryConfigurationDelegate : Bootstrapping Spring Data JPA repositories in DEFAULT mode.
2022-08-09 20:01:52.348  INFO 34179 --- [    Test worker] .s.d.r.c.RepositoryConfigurationDelegate : Finished Spring Data repository scanning in 22 ms. Found 2 JPA repository interfaces.
2022-08-09 20:01:52.606  INFO 34179 --- [    Test worker] com.zaxxer.hikari.HikariDataSource       : HikariPool-2 - Starting...
2022-08-09 20:01:52.609  INFO 34179 --- [    Test worker] com.zaxxer.hikari.HikariDataSource       : HikariPool-2 - Start completed.
2022-08-09 20:01:52.624  INFO 34179 --- [    Test worker] o.hibernate.jpa.internal.util.LogHelper  : HHH000204: Processing PersistenceUnitInfo [name: default]
2022-08-09 20:01:52.628  INFO 34179 --- [    Test worker] org.hibernate.dialect.Dialect            : HHH000400: Using dialect: org.hibernate.dialect.MySQL57Dialect
Hibernate: drop table if exists posts
Hibernate: drop table if exists user
Hibernate: create table posts (id bigint not null auto_increment, created_date datetime(6), modified_date datetime(6), author varchar(255), content TEXT not null, title varchar(500) not null, primary key (id)) engine=InnoDB
Hibernate: create table user (id bigint not null auto_increment, created_date datetime(6), modified_date datetime(6), email varchar(255) not null, name varchar(255) not null, picture varchar(255), role varchar(255) not null, primary key (id)) engine=InnoDB
2022-08-09 20:01:52.756  INFO 34179 --- [    Test worker] o.h.e.t.j.p.i.JtaPlatformInitiator       : HHH000490: Using JtaPlatform implementation: [org.hibernate.engine.transaction.jta.platform.internal.NoJtaPlatform]
2022-08-09 20:01:52.757  INFO 34179 --- [    Test worker] j.LocalContainerEntityManagerFactoryBean : Initialized JPA EntityManagerFactory for persistence unit 'default'
2022-08-09 20:01:52.917  WARN 34179 --- [    Test worker] JpaBaseConfiguration$JpaWebConfiguration : spring.jpa.open-in-view is enabled by default. Therefore, database queries may be performed during view rendering. Explicitly configure spring.jpa.open-in-view to disable this warning
2022-08-09 20:01:53.132  INFO 34179 --- [    Test worker] o.s.s.web.DefaultSecurityFilterChain     : Will secure any request with [org.springframework.security.web.context.request.async.WebAsyncManagerIntegrationFilter@fb7a6d6, org.springframework.security.web.context.SecurityContextPersistenceFilter@6c5b4031, org.springframework.security.web.header.HeaderWriterFilter@1e831f31, org.springframework.security.web.authentication.logout.LogoutFilter@7bce0b9d, org.springframework.security.oauth2.client.web.OAuth2AuthorizationRequestRedirectFilter@b859f52, org.springframework.security.oauth2.client.web.OAuth2LoginAuthenticationFilter@1849af0b, org.springframework.security.web.authentication.ui.DefaultLoginPageGeneratingFilter@4e60cb41, org.springframework.security.web.authentication.ui.DefaultLogoutPageGeneratingFilter@555c3eef, org.springframework.security.web.savedrequest.RequestCacheAwareFilter@74aefdfd, org.springframework.security.web.servletapi.SecurityContextHolderAwareRequestFilter@72d20ece, org.springframework.security.web.authentication.AnonymousAuthenticationFilter@72844419, org.springframework.security.web.session.SessionManagementFilter@2e225580, org.springframework.security.web.access.ExceptionTranslationFilter@30051d0a, org.springframework.security.web.access.intercept.FilterSecurityInterceptor@6a3610e7]
2022-08-09 20:01:53.341  INFO 34179 --- [    Test worker] o.s.s.concurrent.ThreadPoolTaskExecutor  : Initializing ExecutorService 'applicationTaskExecutor'
2022-08-09 20:01:53.380  INFO 34179 --- [    Test worker] o.s.b.a.h2.H2ConsoleAutoConfiguration    : H2 console available at '/h2-console'. Database available at 'jdbc:h2:mem:testdb'
2022-08-09 20:01:53.434  INFO 34179 --- [    Test worker] o.s.b.a.w.s.WelcomePageHandlerMapping    : Adding welcome page template: index
2022-08-09 20:01:53.739  INFO 34179 --- [    Test worker] s.a.ScheduledAnnotationBeanPostProcessor : No TaskScheduler/ScheduledExecutorService bean found for scheduled processing
2022-08-09 20:01:53.743  INFO 34179 --- [    Test worker] o.e.s.domain.posts.PostsRepositoryTest   : Started PostsRepositoryTest in 1.714 seconds (JVM running for 14.308)
Hibernate: insert into posts (created_date, modified_date, author, content, title) values (?, ?, ?, ?, ?)
Hibernate: select posts0_.id as id1_0_, posts0_.created_date as created_2_0_, posts0_.modified_date as modified3_0_, posts0_.author as author4_0_, posts0_.content as content5_0_, posts0_.title as title6_0_ from posts posts0_
Hibernate: select posts0_.id as id1_0_, posts0_.created_date as created_2_0_, posts0_.modified_date as modified3_0_, posts0_.author as author4_0_, posts0_.content as content5_0_, posts0_.title as title6_0_ from posts posts0_
Hibernate: delete from posts where id=?
]]></system-out>
  <system-err><![CDATA[]]></system-err>
</testsuite>
